2018/08/30 04:06:01 Starting cygwin install, version 2.893
2018/08/30 04:06:01 User has backup/restore rights
2018/08/30 04:06:01 io_stream_cygfile: fopen(/etc/setup/setup.rc) failed 2 No such file or directory
2018/08/30 04:06:01 Current Directory: C:\
2018/08/30 04:06:01 Could not open service McShield for query, start and stop. McAfee may not be installed, or we don't have access.
2018/08/30 04:06:01 root: C:\cygwin64 system
2018/08/30 04:06:01 Selected local directory: C:
2018/08/30 04:06:01 Could not change dir to C:: Incorrect function.
 [00000001]
2018/08/30 04:06:10 io_stream_cygfile: fopen(/etc/setup/setup.rc) failed 2 No such file or directory
2018/08/30 04:06:10 Ending cygwin install
2018/08/30 04:06:28 Starting cygwin install, version 2.893
2018/08/30 04:06:28 User has backup/restore rights
2018/08/30 04:06:28 io_stream_cygfile: fopen(/etc/setup/setup.rc) failed 2 No such file or directory
2018/08/30 04:06:28 Current Directory: C:\tmp
2018/08/30 04:06:28 Could not open service McShield for query, start and stop. McAfee may not be installed, or we don't have access.
2018/08/30 04:06:29 root: C:\cygwin64 system
2018/08/30 04:06:29 Selected local directory: C:\tmp
2018/08/30 04:06:29 net: Preconfig
2018/08/30 04:06:41 site: http://mirrors.kernel.org/sourceware/cygwin/
2018/08/30 04:06:45 io_stream_cygfile: fopen(/etc/setup/timestamp) failed 2 No such file or directory
2018/08/30 04:06:45 io_stream_cygfile: fopen(/etc/setup/installed.db) failed 2 No such file or directory
2018/08/30 04:06:50 solving: 40 tasks, update: no, use test packages: no
2018/08/30 04:06:50 Augmented Transaction List:
2018/08/30 04:06:50    0 install                                     base-cygwin               3.8-1
2018/08/30 04:06:50    1 install                                          cygwin            2.10.0-1
2018/08/30 04:06:50    2 install                                           login              1.12-1
2018/08/30 04:06:50    3 install                                          mintty             2.9.0-0
2018/08/30 04:06:50    4 install                                        terminfo     6.0-12.20171125
2018/08/30 04:06:50    5 install                                          tzdata             2018e-1
2018/08/30 04:06:50    6 install                                  libpopt-common              1.16-2
2018/08/30 04:06:50    7 install                                 perl_autorebase            5.26.2-1
2018/08/30 04:06:50    8 install                                      libtasn1_6              4.13-1
2018/08/30 04:06:50    9 install                                        liblzma5             5.2.3-1
2018/08/30 04:06:50   10 install                                         libargp          20110921-3
2018/08/30 04:06:50   11 install                                        libpcre1              8.40-3
2018/08/30 04:06:50   12 install                                        libltdl7             2.4.6-6
2018/08/30 04:06:50   13 install                                        libgmp10             6.1.2-1
2018/08/30 04:06:50   14 install                                         libffi6             3.2.1-2
2018/08/30 04:06:50   15 install                                       libcrypt0               2.1-1
2018/08/30 04:06:50   16 install                                         libgcc1             7.3.0-3
2018/08/30 04:06:50   17 install                                    libpipeline1             1.4.0-1
2018/08/30 04:06:50   18 install                                           zlib0            1.2.11-1
2018/08/30 04:06:50   19 install                                       libiconv2              1.14-3
2018/08/30 04:06:50   20 install                                        libbz2_1             1.0.6-3
2018/08/30 04:06:50   21 install                                     libsigsegv2              2.10-2
2018/08/30 04:06:50   22 install                                           which              2.20-2
2018/08/30 04:06:50   23 install                                             run             1.3.4-2
2018/08/30 04:06:50   24 install                                       ipc-utils               1.0-2
2018/08/30 04:06:50   25 install                                        hostname              3.13-1
2018/08/30 04:06:50   26 install                                      editrights              1.03-1
2018/08/30 04:06:50   27 install                                            dash           0.5.9.1-1
2018/08/30 04:06:50   28 install                                   libncursesw10     6.0-12.20171125
2018/08/30 04:06:50   29 install                                          getent           2.18.90-4
2018/08/30 04:06:50   30 install                                       perl_base            5.26.2-1
2018/08/30 04:06:50   31 install                                        libmpfr6          4.0.1-4p11
2018/08/30 04:06:50   32 install                                      libstdc++6             7.3.0-3
2018/08/30 04:06:50   33 install                                          libgc1             7.6.8-1
2018/08/30 04:06:50   34 install                                            file              5.32-1
2018/08/30 04:06:50   35 install                                   libunistring2            0.9.10-1
2018/08/30 04:06:50   36 install                                        libintl8          0.19.8.1-2
2018/08/30 04:06:50   37 install                                             zip              3.0-12
2018/08/30 04:06:50   38 install                                              m4            1.4.18-1
2018/08/30 04:06:50   39 install                                     _autorebase            001007-1
2018/08/30 04:06:50   40 install                                            less               530-1
2018/08/30 04:06:50   41 install                                     vim-minimal          8.0.1567-1
2018/08/30 04:06:50   42 install                                         ncurses     6.0-12.20171125
2018/08/30 04:06:50   43 install                                    libreadline7             7.0.3-3
2018/08/30 04:06:50   44 install                                        libdb5.3            5.3.28-2
2018/08/30 04:06:50   45 install                                     libp11-kit0           0.23.10-1
2018/08/30 04:06:50   46 install                                        libpopt0              1.16-2
2018/08/30 04:06:50   47 install                                        libiconv              1.14-3
2018/08/30 04:06:50   48 install                                        libgdbm4              1.12-1
2018/08/30 04:06:50   49 install                                        libuuid1            2.25.2-2
2018/08/30 04:06:50   50 install                                   libsmartcols1            2.25.2-2
2018/08/30 04:06:50   51 install                                        libattr1            2.4.46-1
2018/08/30 04:06:50   52 install                                             sed               4.4-1
2018/08/30 04:06:50   53 install                                            info               6.5-2
2018/08/30 04:06:50   54 install                                       diffutils               3.5-2
2018/08/30 04:06:50   55 install                                    alternatives          1.3.30c-10
2018/08/30 04:06:50   56 install                                  libguile2.0_22            2.0.14-3
2018/08/30 04:06:50   57 install                                            gawk             4.2.1-1
2018/08/30 04:06:50   58 install                                   p11-kit-trust           0.23.10-1
2018/08/30 04:06:50   59 install                                         p11-kit           0.23.10-1
2018/08/30 04:06:50   60 install                                        cygutils            1.4.16-2
2018/08/30 04:06:50   61 install                                            perl            5.26.2-1
2018/08/30 04:06:50   62 install                                       libblkid1            2.25.2-2
2018/08/30 04:06:50   63 install                                            bash            4.4.12-3
2018/08/30 04:06:50   64 install                                            make             4.2.1-2
2018/08/30 04:06:50   65 install                                      util-linux            2.25.2-2
2018/08/30 04:06:50   66 install                                          tzcode             2018e-1
2018/08/30 04:06:50   67 install                                       coreutils              8.26-2
2018/08/30 04:06:50   68 install                                     autoconf2.5              2.69-3
2018/08/30 04:06:50   69 install                                     autoconf2.1             2.13-12
2018/08/30 04:06:50   70 install                                 ca-certificates              2.22-1
2018/08/30 04:06:50   71 install                                           groff            1.22.3-1
2018/08/30 04:06:50   72 install                                              xz             5.2.3-1
2018/08/30 04:06:50   73 install                                           bzip2             1.0.6-3
2018/08/30 04:06:50   74 install                                           unzip              6.0-17
2018/08/30 04:06:50   75 install                                            gzip               1.8-1
2018/08/30 04:06:50   76 install                                            grep               3.0-2
2018/08/30 04:06:50   77 install                                       findutils             4.6.0-1
2018/08/30 04:06:50   78 install                                        autoconf                13-1
2018/08/30 04:06:50   79 install                                   libopenssl100            1.0.2p-1
2018/08/30 04:06:50   80 install                                             tar              1.29-1
2018/08/30 04:06:50   81 install                                          man-db           2.7.6.1-1
2018/08/30 04:06:50   82 install                                          rebase             4.4.4-1
2018/08/30 04:06:50   83 install                                      base-files               4.2-4
2018/08/30 04:06:50   84 install                                         openssl            1.0.2p-1
2018/08/30 04:06:50 Augmented Transaction List:
2018/08/30 04:06:50    0 install                                     base-cygwin               3.8-1
2018/08/30 04:06:50    1 install                                          cygwin            2.10.0-1
2018/08/30 04:06:50    2 install                                           login              1.12-1
2018/08/30 04:06:50    3 install                                          mintty             2.9.0-0
2018/08/30 04:06:50    4 install                                        terminfo     6.0-12.20171125
2018/08/30 04:06:50    5 install                                          tzdata             2018e-1
2018/08/30 04:06:50    6 install                                  libpopt-common              1.16-2
2018/08/30 04:06:50    7 install                                 perl_autorebase            5.26.2-1
2018/08/30 04:06:50    8 install                                      libtasn1_6              4.13-1
2018/08/30 04:06:50    9 install                                        liblzma5             5.2.3-1
2018/08/30 04:06:50   10 install                                         libargp          20110921-3
2018/08/30 04:06:50   11 install                                        libpcre1              8.40-3
2018/08/30 04:06:50   12 install                                        libltdl7             2.4.6-6
2018/08/30 04:06:50   13 install                                        libgmp10             6.1.2-1
2018/08/30 04:06:50   14 install                                         libffi6             3.2.1-2
2018/08/30 04:06:50   15 install                                       libcrypt0               2.1-1
2018/08/30 04:06:50   16 install                                         libgcc1             7.3.0-3
2018/08/30 04:06:50   17 install                                    libpipeline1             1.4.0-1
2018/08/30 04:06:50   18 install                                           zlib0            1.2.11-1
2018/08/30 04:06:50   19 install                                       libiconv2              1.14-3
2018/08/30 04:06:50   20 install                                        libbz2_1             1.0.6-3
2018/08/30 04:06:50   21 install                                     libsigsegv2              2.10-2
2018/08/30 04:06:50   22 install                                           which              2.20-2
2018/08/30 04:06:50   23 install                                             run             1.3.4-2
2018/08/30 04:06:50   24 install                                       ipc-utils               1.0-2
2018/08/30 04:06:50   25 install                                        hostname              3.13-1
2018/08/30 04:06:50   26 install                                      editrights              1.03-1
2018/08/30 04:06:50   27 install                                            dash           0.5.9.1-1
2018/08/30 04:06:50   28 install                                   libncursesw10     6.0-12.20171125
2018/08/30 04:06:50   29 install                                          getent           2.18.90-4
2018/08/30 04:06:50   30 install                                       perl_base            5.26.2-1
2018/08/30 04:06:50   31 install                                        libmpfr6          4.0.1-4p11
2018/08/30 04:06:50   32 install                                      libstdc++6             7.3.0-3
2018/08/30 04:06:50   33 install                                          libgc1             7.6.8-1
2018/08/30 04:06:50   34 install                                            file              5.32-1
2018/08/30 04:06:50   35 install                                   libunistring2            0.9.10-1
2018/08/30 04:06:50   36 install                                        libintl8          0.19.8.1-2
2018/08/30 04:06:50   37 install                                             zip              3.0-12
2018/08/30 04:06:50   38 install                                              m4            1.4.18-1
2018/08/30 04:06:50   39 install                                     _autorebase            001007-1
2018/08/30 04:06:50   40 install                                            less               530-1
2018/08/30 04:06:50   41 install                                     vim-minimal          8.0.1567-1
2018/08/30 04:06:50   42 install                                         ncurses     6.0-12.20171125
2018/08/30 04:06:50   43 install                                    libreadline7             7.0.3-3
2018/08/30 04:06:50   44 install                                        libdb5.3            5.3.28-2
2018/08/30 04:06:50   45 install                                     libp11-kit0           0.23.10-1
2018/08/30 04:06:50   46 install                                        libpopt0              1.16-2
2018/08/30 04:06:50   47 install                                        libiconv              1.14-3
2018/08/30 04:06:50   48 install                                        libgdbm4              1.12-1
2018/08/30 04:06:50   49 install                                        libuuid1            2.25.2-2
2018/08/30 04:06:50   50 install                                   libsmartcols1            2.25.2-2
2018/08/30 04:06:50   51 install                                        libattr1            2.4.46-1
2018/08/30 04:06:50   52 install                                             sed               4.4-1
2018/08/30 04:06:50   53 install                                            info               6.5-2
2018/08/30 04:06:50   54 install                                       diffutils               3.5-2
2018/08/30 04:06:50   55 install                                    alternatives          1.3.30c-10
2018/08/30 04:06:50   56 install                                  libguile2.0_22            2.0.14-3
2018/08/30 04:06:50   57 install                                            gawk             4.2.1-1
2018/08/30 04:06:50   58 install                                   p11-kit-trust           0.23.10-1
2018/08/30 04:06:50   59 install                                         p11-kit           0.23.10-1
2018/08/30 04:06:50   60 install                                        cygutils            1.4.16-2
2018/08/30 04:06:50   61 install                                            perl            5.26.2-1
2018/08/30 04:06:50   62 install                                       libblkid1            2.25.2-2
2018/08/30 04:06:50   63 install                                            bash            4.4.12-3
2018/08/30 04:06:50   64 install                                            make             4.2.1-2
2018/08/30 04:06:50   65 install                                      util-linux            2.25.2-2
2018/08/30 04:06:50   66 install                                          tzcode             2018e-1
2018/08/30 04:06:50   67 install                                       coreutils              8.26-2
2018/08/30 04:06:50   68 install                                     autoconf2.5              2.69-3
2018/08/30 04:06:50   69 install                                     autoconf2.1             2.13-12
2018/08/30 04:06:50   70 install                                 ca-certificates              2.22-1
2018/08/30 04:06:50   71 install                                           groff            1.22.3-1
2018/08/30 04:06:50   72 install                                              xz             5.2.3-1
2018/08/30 04:06:50   73 install                                           bzip2             1.0.6-3
2018/08/30 04:06:50   74 install                                           unzip              6.0-17
2018/08/30 04:06:50   75 install                                            gzip               1.8-1
2018/08/30 04:06:50   76 install                                            grep               3.0-2
2018/08/30 04:06:50   77 install                                       findutils             4.6.0-1
2018/08/30 04:06:50   78 install                                        autoconf                13-1
2018/08/30 04:06:50   79 install                                   libopenssl100            1.0.2p-1
2018/08/30 04:06:50   80 install                                             tar              1.29-1
2018/08/30 04:06:50   81 install                                          man-db           2.7.6.1-1
2018/08/30 04:06:50   82 install                                          rebase             4.4.4-1
2018/08/30 04:06:50   83 install                                      base-files               4.2-4
2018/08/30 04:06:50   84 install                                         openssl            1.0.2p-1
2018/08/30 04:06:52 Downloaded C:\tmp/http%3a%2f%2fmirrors.kernel.org%2fsourceware%2fcygwin%2f/noarch/release/base-cygwin/base-cygwin-3.8-1.tar.xz
2018/08/30 04:06:54 Downloaded C:\tmp/http%3a%2f%2fmirrors.kernel.org%2fsourceware%2fcygwin%2f/x86_64/release/cygwin/cygwin-2.10.0-1.tar.xz
2018/08/30 04:06:55 Downloaded C:\tmp/http%3a%2f%2fmirrors.kernel.org%2fsourceware%2fcygwin%2f/x86_64/release/login/login-1.12-1.tar.xz
2018/08/30 04:06:55 Downloaded C:\tmp/http%3a%2f%2fmirrors.kernel.org%2fsourceware%2fcygwin%2f/x86_64/release/mintty/mintty-2.9.0-0.tar.xz
2018/08/30 04:06:55 Downloaded C:\tmp/http%3a%2f%2fmirrors.kernel.org%2fsourceware%2fcygwin%2f/x86_64/release/ncurses/terminfo/terminfo-6.0-12.20171125.tar.xz
2018/08/30 04:06:55 Downloaded C:\tmp/http%3a%2f%2fmirrors.kernel.org%2fsourceware%2fcygwin%2f/noarch/release/tzdata/tzdata-2018e-1.tar.xz
2018/08/30 04:06:56 Downloaded C:\tmp/http%3a%2f%2fmirrors.kernel.org%2fsourceware%2fcygwin%2f/x86_64/release/popt/libpopt-common/libpopt-common-1.16-2.tar.xz
2018/08/30 04:06:56 Downloaded C:\tmp/http%3a%2f%2fmirrors.kernel.org%2fsourceware%2fcygwin%2f/x86_64/release/perl/perl_autorebase/perl_autorebase-5.26.2-1.tar.xz
2018/08/30 04:06:56 Downloaded C:\tmp/http%3a%2f%2fmirrors.kernel.org%2fsourceware%2fcygwin%2f/x86_64/release/libtasn1/libtasn1_6/libtasn1_6-4.13-1.tar.xz
2018/08/30 04:06:56 Downloaded C:\tmp/http%3a%2f%2fmirrors.kernel.org%2fsourceware%2fcygwin%2f/x86_64/release/xz/liblzma5/liblzma5-5.2.3-1.tar.xz
2018/08/30 04:06:56 Downloaded C:\tmp/http%3a%2f%2fmirrors.kernel.org%2fsourceware%2fcygwin%2f/x86_64/release/libargp/libargp-20110921-3.tar.xz
2018/08/30 04:06:57 Downloaded C:\tmp/http%3a%2f%2fmirrors.kernel.org%2fsourceware%2fcygwin%2f/x86_64/release/pcre/libpcre1/libpcre1-8.40-3.tar.xz
2018/08/30 04:06:57 Downloaded C:\tmp/http%3a%2f%2fmirrors.kernel.org%2fsourceware%2fcygwin%2f/x86_64/release/libtool/libltdl7/libltdl7-2.4.6-6.tar.xz
2018/08/30 04:06:57 Downloaded C:\tmp/http%3a%2f%2fmirrors.kernel.org%2fsourceware%2fcygwin%2f/x86_64/release/gmp/libgmp10/libgmp10-6.1.2-1.tar.xz
2018/08/30 04:06:57 Downloaded C:\tmp/http%3a%2f%2fmirrors.kernel.org%2fsourceware%2fcygwin%2f/x86_64/release/libffi/libffi6/libffi6-3.2.1-2.tar.xz
2018/08/30 04:06:58 Downloaded C:\tmp/http%3a%2f%2fmirrors.kernel.org%2fsourceware%2fcygwin%2f/x86_64/release/crypt/libcrypt0/libcrypt0-2.1-1.tar.xz
2018/08/30 04:06:58 Downloaded C:\tmp/http%3a%2f%2fmirrors.kernel.org%2fsourceware%2fcygwin%2f/x86_64/release/gcc/libgcc1/libgcc1-7.3.0-3.tar.xz
2018/08/30 04:06:58 Downloaded C:\tmp/http%3a%2f%2fmirrors.kernel.org%2fsourceware%2fcygwin%2f/x86_64/release/libpipeline/libpipeline1/libpipeline1-1.4.0-1.tar.xz
2018/08/30 04:06:58 Downloaded C:\tmp/http%3a%2f%2fmirrors.kernel.org%2fsourceware%2fcygwin%2f/x86_64/release/zlib/zlib0/zlib0-1.2.11-1.tar.xz
2018/08/30 04:06:59 Downloaded C:\tmp/http%3a%2f%2fmirrors.kernel.org%2fsourceware%2fcygwin%2f/x86_64/release/libiconv/libiconv2/libiconv2-1.14-3.tar.xz
2018/08/30 04:06:59 Downloaded C:\tmp/http%3a%2f%2fmirrors.kernel.org%2fsourceware%2fcygwin%2f/x86_64/release/bzip2/libbz2_1/libbz2_1-1.0.6-3.tar.xz
2018/08/30 04:06:59 Downloaded C:\tmp/http%3a%2f%2fmirrors.kernel.org%2fsourceware%2fcygwin%2f/x86_64/release/libsigsegv/libsigsegv2/libsigsegv2-2.10-2.tar.xz
2018/08/30 04:06:59 Downloaded C:\tmp/http%3a%2f%2fmirrors.kernel.org%2fsourceware%2fcygwin%2f/x86_64/release/which/which-2.20-2.tar.bz2
2018/08/30 04:07:00 Downloaded C:\tmp/http%3a%2f%2fmirrors.kernel.org%2fsourceware%2fcygwin%2f/x86_64/release/run/run-1.3.4-2.tar.xz
2018/08/30 04:07:00 Downloaded C:\tmp/http%3a%2f%2fmirrors.kernel.org%2fsourceware%2fcygwin%2f/x86_64/release/ipc-utils/ipc-utils-1.0-2.tar.bz2
2018/08/30 04:07:00 Downloaded C:\tmp/http%3a%2f%2fmirrors.kernel.org%2fsourceware%2fcygwin%2f/x86_64/release/hostname/hostname-3.13-1.tar.bz2
2018/08/30 04:07:00 Downloaded C:\tmp/http%3a%2f%2fmirrors.kernel.org%2fsourceware%2fcygwin%2f/x86_64/release/editrights/editrights-1.03-1.tar.xz
2018/08/30 04:07:00 Downloaded C:\tmp/http%3a%2f%2fmirrors.kernel.org%2fsourceware%2fcygwin%2f/x86_64/release/dash/dash-0.5.9.1-1.tar.xz
2018/08/30 04:07:01 Downloaded C:\tmp/http%3a%2f%2fmirrors.kernel.org%2fsourceware%2fcygwin%2f/x86_64/release/ncurses/libncursesw10/libncursesw10-6.0-12.20171125.tar.xz
2018/08/30 04:07:01 Downloaded C:\tmp/http%3a%2f%2fmirrors.kernel.org%2fsourceware%2fcygwin%2f/x86_64/release/getent/getent-2.18.90-4.tar.xz
2018/08/30 04:07:03 Downloaded C:\tmp/http%3a%2f%2fmirrors.kernel.org%2fsourceware%2fcygwin%2f/x86_64/release/perl/perl_base/perl_base-5.26.2-1.tar.xz
2018/08/30 04:07:03 Downloaded C:\tmp/http%3a%2f%2fmirrors.kernel.org%2fsourceware%2fcygwin%2f/x86_64/release/mpfr/libmpfr6/libmpfr6-4.0.1-4p11.tar.xz
2018/08/30 04:07:03 Downloaded C:\tmp/http%3a%2f%2fmirrors.kernel.org%2fsourceware%2fcygwin%2f/x86_64/release/gcc/libstdc++6/libstdc++6-7.3.0-3.tar.xz
2018/08/30 04:07:03 Downloaded C:\tmp/http%3a%2f%2fmirrors.kernel.org%2fsourceware%2fcygwin%2f/x86_64/release/libgc/libgc1/libgc1-7.6.8-1.tar.xz
2018/08/30 04:07:04 Downloaded C:\tmp/http%3a%2f%2fmirrors.kernel.org%2fsourceware%2fcygwin%2f/x86_64/release/file/file-5.32-1.tar.xz
2018/08/30 04:07:04 Downloaded C:\tmp/http%3a%2f%2fmirrors.kernel.org%2fsourceware%2fcygwin%2f/x86_64/release/libunistring/libunistring2/libunistring2-0.9.10-1.tar.xz
2018/08/30 04:07:04 Downloaded C:\tmp/http%3a%2f%2fmirrors.kernel.org%2fsourceware%2fcygwin%2f/x86_64/release/gettext/libintl8/libintl8-0.19.8.1-2.tar.xz
2018/08/30 04:07:04 Downloaded C:\tmp/http%3a%2f%2fmirrors.kernel.org%2fsourceware%2fcygwin%2f/x86_64/release/zip/zip-3.0-12.tar.xz
2018/08/30 04:07:05 Downloaded C:\tmp/http%3a%2f%2fmirrors.kernel.org%2fsourceware%2fcygwin%2f/x86_64/release/m4/m4-1.4.18-1.tar.xz
2018/08/30 04:07:05 Downloaded C:\tmp/http%3a%2f%2fmirrors.kernel.org%2fsourceware%2fcygwin%2f/noarch/release/_autorebase/_autorebase-001007-1.tar.xz
2018/08/30 04:07:05 Downloaded C:\tmp/http%3a%2f%2fmirrors.kernel.org%2fsourceware%2fcygwin%2f/x86_64/release/less/less-530-1.tar.xz
2018/08/30 04:07:05 Downloaded C:\tmp/http%3a%2f%2fmirrors.kernel.org%2fsourceware%2fcygwin%2f/x86_64/release/vim/vim-minimal/vim-minimal-8.0.1567-1.tar.xz
2018/08/30 04:07:06 Downloaded C:\tmp/http%3a%2f%2fmirrors.kernel.org%2fsourceware%2fcygwin%2f/x86_64/release/ncurses/ncurses-6.0-12.20171125.tar.xz
2018/08/30 04:07:06 Downloaded C:\tmp/http%3a%2f%2fmirrors.kernel.org%2fsourceware%2fcygwin%2f/x86_64/release/readline/libreadline7/libreadline7-7.0.3-3.tar.xz
2018/08/30 04:07:07 Downloaded C:\tmp/http%3a%2f%2fmirrors.kernel.org%2fsourceware%2fcygwin%2f/x86_64/release/db/libdb5.3/libdb5.3-5.3.28-2.tar.xz
2018/08/30 04:07:07 Downloaded C:\tmp/http%3a%2f%2fmirrors.kernel.org%2fsourceware%2fcygwin%2f/x86_64/release/p11-kit/libp11-kit0/libp11-kit0-0.23.10-1.tar.xz
2018/08/30 04:07:07 Downloaded C:\tmp/http%3a%2f%2fmirrors.kernel.org%2fsourceware%2fcygwin%2f/x86_64/release/popt/libpopt0/libpopt0-1.16-2.tar.xz
2018/08/30 04:07:07 Downloaded C:\tmp/http%3a%2f%2fmirrors.kernel.org%2fsourceware%2fcygwin%2f/x86_64/release/libiconv/libiconv-1.14-3.tar.xz
2018/08/30 04:07:07 Downloaded C:\tmp/http%3a%2f%2fmirrors.kernel.org%2fsourceware%2fcygwin%2f/x86_64/release/gdbm/libgdbm4/libgdbm4-1.12-1.tar.xz
2018/08/30 04:07:08 Downloaded C:\tmp/http%3a%2f%2fmirrors.kernel.org%2fsourceware%2fcygwin%2f/x86_64/release/util-linux/libuuid1/libuuid1-2.25.2-2.tar.xz
2018/08/30 04:07:08 Downloaded C:\tmp/http%3a%2f%2fmirrors.kernel.org%2fsourceware%2fcygwin%2f/x86_64/release/util-linux/libsmartcols1/libsmartcols1-2.25.2-2.tar.xz
2018/08/30 04:07:08 Downloaded C:\tmp/http%3a%2f%2fmirrors.kernel.org%2fsourceware%2fcygwin%2f/x86_64/release/attr/libattr1/libattr1-2.4.46-1.tar.bz2
2018/08/30 04:07:08 Downloaded C:\tmp/http%3a%2f%2fmirrors.kernel.org%2fsourceware%2fcygwin%2f/x86_64/release/sed/sed-4.4-1.tar.xz
2018/08/30 04:07:09 Downloaded C:\tmp/http%3a%2f%2fmirrors.kernel.org%2fsourceware%2fcygwin%2f/x86_64/release/texinfo/info/info-6.5-2.tar.xz
2018/08/30 04:07:09 Downloaded C:\tmp/http%3a%2f%2fmirrors.kernel.org%2fsourceware%2fcygwin%2f/x86_64/release/diffutils/diffutils-3.5-2.tar.xz
2018/08/30 04:07:09 Downloaded C:\tmp/http%3a%2f%2fmirrors.kernel.org%2fsourceware%2fcygwin%2f/x86_64/release/alternatives/alternatives-1.3.30c-10.tar.bz2
2018/08/30 04:07:11 Downloaded C:\tmp/http%3a%2f%2fmirrors.kernel.org%2fsourceware%2fcygwin%2f/x86_64/release/guile2.0/libguile2.0_22/libguile2.0_22-2.0.14-3.tar.xz
2018/08/30 04:07:11 Downloaded C:\tmp/http%3a%2f%2fmirrors.kernel.org%2fsourceware%2fcygwin%2f/x86_64/release/gawk/gawk-4.2.1-1.tar.xz
2018/08/30 04:07:12 Downloaded C:\tmp/http%3a%2f%2fmirrors.kernel.org%2fsourceware%2fcygwin%2f/x86_64/release/p11-kit/p11-kit-trust/p11-kit-trust-0.23.10-1.tar.xz
2018/08/30 04:07:12 Downloaded C:\tmp/http%3a%2f%2fmirrors.kernel.org%2fsourceware%2fcygwin%2f/x86_64/release/p11-kit/p11-kit-0.23.10-1.tar.xz
2018/08/30 04:07:12 Downloaded C:\tmp/http%3a%2f%2fmirrors.kernel.org%2fsourceware%2fcygwin%2f/x86_64/release/cygutils/cygutils-1.4.16-2.tar.xz
2018/08/30 04:07:14 Downloaded C:\tmp/http%3a%2f%2fmirrors.kernel.org%2fsourceware%2fcygwin%2f/x86_64/release/perl/perl-5.26.2-1.tar.xz
2018/08/30 04:07:14 Downloaded C:\tmp/http%3a%2f%2fmirrors.kernel.org%2fsourceware%2fcygwin%2f/x86_64/release/util-linux/libblkid1/libblkid1-2.25.2-2.tar.xz
2018/08/30 04:07:15 Downloaded C:\tmp/http%3a%2f%2fmirrors.kernel.org%2fsourceware%2fcygwin%2f/x86_64/release/bash/bash-4.4.12-3.tar.xz
2018/08/30 04:07:15 Downloaded C:\tmp/http%3a%2f%2fmirrors.kernel.org%2fsourceware%2fcygwin%2f/x86_64/release/make/make-4.2.1-2.tar.xz
2018/08/30 04:07:16 Downloaded C:\tmp/http%3a%2f%2fmirrors.kernel.org%2fsourceware%2fcygwin%2f/x86_64/release/util-linux/util-linux-2.25.2-2.tar.xz
2018/08/30 04:07:16 Downloaded C:\tmp/http%3a%2f%2fmirrors.kernel.org%2fsourceware%2fcygwin%2f/x86_64/release/tzcode/tzcode-2018e-1.tar.xz
2018/08/30 04:07:18 Downloaded C:\tmp/http%3a%2f%2fmirrors.kernel.org%2fsourceware%2fcygwin%2f/x86_64/release/coreutils/coreutils-8.26-2.tar.xz
2018/08/30 04:07:18 Downloaded C:\tmp/http%3a%2f%2fmirrors.kernel.org%2fsourceware%2fcygwin%2f/noarch/release/autoconf2.5/autoconf2.5-2.69-3.tar.xz
2018/08/30 04:07:19 Downloaded C:\tmp/http%3a%2f%2fmirrors.kernel.org%2fsourceware%2fcygwin%2f/noarch/release/autoconf2.1/autoconf2.1-2.13-12.tar.bz2
2018/08/30 04:07:19 Downloaded C:\tmp/http%3a%2f%2fmirrors.kernel.org%2fsourceware%2fcygwin%2f/noarch/release/ca-certificates/ca-certificates-2.22-1.tar.xz
2018/08/30 04:07:20 Downloaded C:\tmp/http%3a%2f%2fmirrors.kernel.org%2fsourceware%2fcygwin%2f/x86_64/release/groff/groff-1.22.3-1.tar.xz
2018/08/30 04:07:21 Downloaded C:\tmp/http%3a%2f%2fmirrors.kernel.org%2fsourceware%2fcygwin%2f/x86_64/release/xz/xz-5.2.3-1.tar.xz
2018/08/30 04:07:21 Downloaded C:\tmp/http%3a%2f%2fmirrors.kernel.org%2fsourceware%2fcygwin%2f/x86_64/release/bzip2/bzip2-1.0.6-3.tar.xz
2018/08/30 04:07:21 Downloaded C:\tmp/http%3a%2f%2fmirrors.kernel.org%2fsourceware%2fcygwin%2f/x86_64/release/unzip/unzip-6.0-17.tar.xz
2018/08/30 04:07:21 Downloaded C:\tmp/http%3a%2f%2fmirrors.kernel.org%2fsourceware%2fcygwin%2f/x86_64/release/gzip/gzip-1.8-1.tar.xz
2018/08/30 04:07:22 Downloaded C:\tmp/http%3a%2f%2fmirrors.kernel.org%2fsourceware%2fcygwin%2f/x86_64/release/grep/grep-3.0-2.tar.xz
2018/08/30 04:07:22 Downloaded C:\tmp/http%3a%2f%2fmirrors.kernel.org%2fsourceware%2fcygwin%2f/x86_64/release/findutils/findutils-4.6.0-1.tar.xz
2018/08/30 04:07:22 Downloaded C:\tmp/http%3a%2f%2fmirrors.kernel.org%2fsourceware%2fcygwin%2f/noarch/release/autoconf/autoconf-13-1.tar.bz2
2018/08/30 04:07:23 Downloaded C:\tmp/http%3a%2f%2fmirrors.kernel.org%2fsourceware%2fcygwin%2f/x86_64/release/openssl/libopenssl100/libopenssl100-1.0.2p-1.tar.xz
2018/08/30 04:07:24 Downloaded C:\tmp/http%3a%2f%2fmirrors.kernel.org%2fsourceware%2fcygwin%2f/x86_64/release/tar/tar-1.29-1.tar.xz
2018/08/30 04:07:24 Downloaded C:\tmp/http%3a%2f%2fmirrors.kernel.org%2fsourceware%2fcygwin%2f/x86_64/release/man-db/man-db-2.7.6.1-1.tar.xz
2018/08/30 04:07:24 Downloaded C:\tmp/http%3a%2f%2fmirrors.kernel.org%2fsourceware%2fcygwin%2f/x86_64/release/rebase/rebase-4.4.4-1.tar.xz
2018/08/30 04:07:25 Downloaded C:\tmp/http%3a%2f%2fmirrors.kernel.org%2fsourceware%2fcygwin%2f/noarch/release/base-files/base-files-4.2-4.tar.xz
2018/08/30 04:07:25 Downloaded C:\tmp/http%3a%2f%2fmirrors.kernel.org%2fsourceware%2fcygwin%2f/x86_64/release/openssl/openssl-1.0.2p-1.tar.xz
2018/08/30 04:07:25 Extracting from file://C:\tmp/http%3a%2f%2fmirrors.kernel.org%2fsourceware%2fcygwin%2f/noarch/release/base-cygwin/base-cygwin-3.8-1.tar.xz
2018/08/30 04:07:25 Extracting from file://C:\tmp/http%3a%2f%2fmirrors.kernel.org%2fsourceware%2fcygwin%2f/x86_64/release/cygwin/cygwin-2.10.0-1.tar.xz
2018/08/30 04:07:26 Extracting from file://C:\tmp/http%3a%2f%2fmirrors.kernel.org%2fsourceware%2fcygwin%2f/x86_64/release/login/login-1.12-1.tar.xz
2018/08/30 04:07:26 Extracting from file://C:\tmp/http%3a%2f%2fmirrors.kernel.org%2fsourceware%2fcygwin%2f/x86_64/release/mintty/mintty-2.9.0-0.tar.xz
2018/08/30 04:07:26 Extracting from file://C:\tmp/http%3a%2f%2fmirrors.kernel.org%2fsourceware%2fcygwin%2f/x86_64/release/ncurses/terminfo/terminfo-6.0-12.20171125.tar.xz
2018/08/30 04:07:27 Extracting from file://C:\tmp/http%3a%2f%2fmirrors.kernel.org%2fsourceware%2fcygwin%2f/noarch/release/tzdata/tzdata-2018e-1.tar.xz
2018/08/30 04:07:36 Extracting from file://C:\tmp/http%3a%2f%2fmirrors.kernel.org%2fsourceware%2fcygwin%2f/x86_64/release/popt/libpopt-common/libpopt-common-1.16-2.tar.xz
2018/08/30 04:07:36 Extracting from file://C:\tmp/http%3a%2f%2fmirrors.kernel.org%2fsourceware%2fcygwin%2f/x86_64/release/perl/perl_autorebase/perl_autorebase-5.26.2-1.tar.xz
2018/08/30 04:07:36 Extracting from file://C:\tmp/http%3a%2f%2fmirrors.kernel.org%2fsourceware%2fcygwin%2f/x86_64/release/libtasn1/libtasn1_6/libtasn1_6-4.13-1.tar.xz
2018/08/30 04:07:36 Extracting from file://C:\tmp/http%3a%2f%2fmirrors.kernel.org%2fsourceware%2fcygwin%2f/x86_64/release/xz/liblzma5/liblzma5-5.2.3-1.tar.xz
2018/08/30 04:07:36 Extracting from file://C:\tmp/http%3a%2f%2fmirrors.kernel.org%2fsourceware%2fcygwin%2f/x86_64/release/libargp/libargp-20110921-3.tar.xz
2018/08/30 04:07:36 Extracting from file://C:\tmp/http%3a%2f%2fmirrors.kernel.org%2fsourceware%2fcygwin%2f/x86_64/release/pcre/libpcre1/libpcre1-8.40-3.tar.xz
2018/08/30 04:07:36 Extracting from file://C:\tmp/http%3a%2f%2fmirrors.kernel.org%2fsourceware%2fcygwin%2f/x86_64/release/libtool/libltdl7/libltdl7-2.4.6-6.tar.xz
2018/08/30 04:07:36 Extracting from file://C:\tmp/http%3a%2f%2fmirrors.kernel.org%2fsourceware%2fcygwin%2f/x86_64/release/gmp/libgmp10/libgmp10-6.1.2-1.tar.xz
2018/08/30 04:07:36 Extracting from file://C:\tmp/http%3a%2f%2fmirrors.kernel.org%2fsourceware%2fcygwin%2f/x86_64/release/libffi/libffi6/libffi6-3.2.1-2.tar.xz
2018/08/30 04:07:36 Extracting from file://C:\tmp/http%3a%2f%2fmirrors.kernel.org%2fsourceware%2fcygwin%2f/x86_64/release/crypt/libcrypt0/libcrypt0-2.1-1.tar.xz
2018/08/30 04:07:36 Extracting from file://C:\tmp/http%3a%2f%2fmirrors.kernel.org%2fsourceware%2fcygwin%2f/x86_64/release/gcc/libgcc1/libgcc1-7.3.0-3.tar.xz
2018/08/30 04:07:36 Extracting from file://C:\tmp/http%3a%2f%2fmirrors.kernel.org%2fsourceware%2fcygwin%2f/x86_64/release/libpipeline/libpipeline1/libpipeline1-1.4.0-1.tar.xz
2018/08/30 04:07:36 Extracting from file://C:\tmp/http%3a%2f%2fmirrors.kernel.org%2fsourceware%2fcygwin%2f/x86_64/release/zlib/zlib0/zlib0-1.2.11-1.tar.xz
2018/08/30 04:07:36 Extracting from file://C:\tmp/http%3a%2f%2fmirrors.kernel.org%2fsourceware%2fcygwin%2f/x86_64/release/libiconv/libiconv2/libiconv2-1.14-3.tar.xz
2018/08/30 04:07:37 Extracting from file://C:\tmp/http%3a%2f%2fmirrors.kernel.org%2fsourceware%2fcygwin%2f/x86_64/release/bzip2/libbz2_1/libbz2_1-1.0.6-3.tar.xz
2018/08/30 04:07:37 Extracting from file://C:\tmp/http%3a%2f%2fmirrors.kernel.org%2fsourceware%2fcygwin%2f/x86_64/release/libsigsegv/libsigsegv2/libsigsegv2-2.10-2.tar.xz
2018/08/30 04:07:37 Extracting from file://C:\tmp/http%3a%2f%2fmirrors.kernel.org%2fsourceware%2fcygwin%2f/x86_64/release/which/which-2.20-2.tar.bz2
2018/08/30 04:07:37 Extracting from file://C:\tmp/http%3a%2f%2fmirrors.kernel.org%2fsourceware%2fcygwin%2f/x86_64/release/run/run-1.3.4-2.tar.xz
2018/08/30 04:07:37 Extracting from file://C:\tmp/http%3a%2f%2fmirrors.kernel.org%2fsourceware%2fcygwin%2f/x86_64/release/ipc-utils/ipc-utils-1.0-2.tar.bz2
2018/08/30 04:07:37 Extracting from file://C:\tmp/http%3a%2f%2fmirrors.kernel.org%2fsourceware%2fcygwin%2f/x86_64/release/hostname/hostname-3.13-1.tar.bz2
2018/08/30 04:07:37 Extracting from file://C:\tmp/http%3a%2f%2fmirrors.kernel.org%2fsourceware%2fcygwin%2f/x86_64/release/editrights/editrights-1.03-1.tar.xz
2018/08/30 04:07:37 Extracting from file://C:\tmp/http%3a%2f%2fmirrors.kernel.org%2fsourceware%2fcygwin%2f/x86_64/release/dash/dash-0.5.9.1-1.tar.xz
2018/08/30 04:07:37 Extracting from file://C:\tmp/http%3a%2f%2fmirrors.kernel.org%2fsourceware%2fcygwin%2f/x86_64/release/ncurses/libncursesw10/libncursesw10-6.0-12.20171125.tar.xz
2018/08/30 04:07:37 Extracting from file://C:\tmp/http%3a%2f%2fmirrors.kernel.org%2fsourceware%2fcygwin%2f/x86_64/release/getent/getent-2.18.90-4.tar.xz
2018/08/30 04:07:37 Extracting from file://C:\tmp/http%3a%2f%2fmirrors.kernel.org%2fsourceware%2fcygwin%2f/x86_64/release/perl/perl_base/perl_base-5.26.2-1.tar.xz
2018/08/30 04:07:39 Extracting from file://C:\tmp/http%3a%2f%2fmirrors.kernel.org%2fsourceware%2fcygwin%2f/x86_64/release/mpfr/libmpfr6/libmpfr6-4.0.1-4p11.tar.xz
2018/08/30 04:07:39 Extracting from file://C:\tmp/http%3a%2f%2fmirrors.kernel.org%2fsourceware%2fcygwin%2f/x86_64/release/gcc/libstdc++6/libstdc++6-7.3.0-3.tar.xz
2018/08/30 04:07:39 Extracting from file://C:\tmp/http%3a%2f%2fmirrors.kernel.org%2fsourceware%2fcygwin%2f/x86_64/release/libgc/libgc1/libgc1-7.6.8-1.tar.xz
2018/08/30 04:07:39 Extracting from file://C:\tmp/http%3a%2f%2fmirrors.kernel.org%2fsourceware%2fcygwin%2f/x86_64/release/file/file-5.32-1.tar.xz
2018/08/30 04:07:40 Extracting from file://C:\tmp/http%3a%2f%2fmirrors.kernel.org%2fsourceware%2fcygwin%2f/x86_64/release/libunistring/libunistring2/libunistring2-0.9.10-1.tar.xz
2018/08/30 04:07:40 Extracting from file://C:\tmp/http%3a%2f%2fmirrors.kernel.org%2fsourceware%2fcygwin%2f/x86_64/release/gettext/libintl8/libintl8-0.19.8.1-2.tar.xz
2018/08/30 04:07:40 Extracting from file://C:\tmp/http%3a%2f%2fmirrors.kernel.org%2fsourceware%2fcygwin%2f/x86_64/release/zip/zip-3.0-12.tar.xz
2018/08/30 04:07:40 Extracting from file://C:\tmp/http%3a%2f%2fmirrors.kernel.org%2fsourceware%2fcygwin%2f/x86_64/release/m4/m4-1.4.18-1.tar.xz
2018/08/30 04:07:40 Extracting from file://C:\tmp/http%3a%2f%2fmirrors.kernel.org%2fsourceware%2fcygwin%2f/noarch/release/_autorebase/_autorebase-001007-1.tar.xz
2018/08/30 04:07:40 Extracting from file://C:\tmp/http%3a%2f%2fmirrors.kernel.org%2fsourceware%2fcygwin%2f/x86_64/release/less/less-530-1.tar.xz
2018/08/30 04:07:40 Extracting from file://C:\tmp/http%3a%2f%2fmirrors.kernel.org%2fsourceware%2fcygwin%2f/x86_64/release/vim/vim-minimal/vim-minimal-8.0.1567-1.tar.xz
2018/08/30 04:07:41 Extracting from file://C:\tmp/http%3a%2f%2fmirrors.kernel.org%2fsourceware%2fcygwin%2f/x86_64/release/ncurses/ncurses-6.0-12.20171125.tar.xz
2018/08/30 04:07:41 Extracting from file://C:\tmp/http%3a%2f%2fmirrors.kernel.org%2fsourceware%2fcygwin%2f/x86_64/release/readline/libreadline7/libreadline7-7.0.3-3.tar.xz
2018/08/30 04:07:41 Extracting from file://C:\tmp/http%3a%2f%2fmirrors.kernel.org%2fsourceware%2fcygwin%2f/x86_64/release/db/libdb5.3/libdb5.3-5.3.28-2.tar.xz
2018/08/30 04:07:41 Extracting from file://C:\tmp/http%3a%2f%2fmirrors.kernel.org%2fsourceware%2fcygwin%2f/x86_64/release/p11-kit/libp11-kit0/libp11-kit0-0.23.10-1.tar.xz
2018/08/30 04:07:41 Extracting from file://C:\tmp/http%3a%2f%2fmirrors.kernel.org%2fsourceware%2fcygwin%2f/x86_64/release/popt/libpopt0/libpopt0-1.16-2.tar.xz
2018/08/30 04:07:41 Extracting from file://C:\tmp/http%3a%2f%2fmirrors.kernel.org%2fsourceware%2fcygwin%2f/x86_64/release/libiconv/libiconv-1.14-3.tar.xz
2018/08/30 04:07:41 Extracting from file://C:\tmp/http%3a%2f%2fmirrors.kernel.org%2fsourceware%2fcygwin%2f/x86_64/release/gdbm/libgdbm4/libgdbm4-1.12-1.tar.xz
2018/08/30 04:07:41 Extracting from file://C:\tmp/http%3a%2f%2fmirrors.kernel.org%2fsourceware%2fcygwin%2f/x86_64/release/util-linux/libuuid1/libuuid1-2.25.2-2.tar.xz
2018/08/30 04:07:41 Extracting from file://C:\tmp/http%3a%2f%2fmirrors.kernel.org%2fsourceware%2fcygwin%2f/x86_64/release/util-linux/libsmartcols1/libsmartcols1-2.25.2-2.tar.xz
2018/08/30 04:07:41 Extracting from file://C:\tmp/http%3a%2f%2fmirrors.kernel.org%2fsourceware%2fcygwin%2f/x86_64/release/attr/libattr1/libattr1-2.4.46-1.tar.bz2
2018/08/30 04:07:41 Extracting from file://C:\tmp/http%3a%2f%2fmirrors.kernel.org%2fsourceware%2fcygwin%2f/x86_64/release/sed/sed-4.4-1.tar.xz
2018/08/30 04:07:42 Extracting from file://C:\tmp/http%3a%2f%2fmirrors.kernel.org%2fsourceware%2fcygwin%2f/x86_64/release/texinfo/info/info-6.5-2.tar.xz
2018/08/30 04:07:42 Extracting from file://C:\tmp/http%3a%2f%2fmirrors.kernel.org%2fsourceware%2fcygwin%2f/x86_64/release/diffutils/diffutils-3.5-2.tar.xz
2018/08/30 04:07:43 Extracting from file://C:\tmp/http%3a%2f%2fmirrors.kernel.org%2fsourceware%2fcygwin%2f/x86_64/release/alternatives/alternatives-1.3.30c-10.tar.bz2
2018/08/30 04:07:44 Extracting from file://C:\tmp/http%3a%2f%2fmirrors.kernel.org%2fsourceware%2fcygwin%2f/x86_64/release/guile2.0/libguile2.0_22/libguile2.0_22-2.0.14-3.tar.xz
2018/08/30 04:07:47 Extracting from file://C:\tmp/http%3a%2f%2fmirrors.kernel.org%2fsourceware%2fcygwin%2f/x86_64/release/gawk/gawk-4.2.1-1.tar.xz
2018/08/30 04:07:48 Extracting from file://C:\tmp/http%3a%2f%2fmirrors.kernel.org%2fsourceware%2fcygwin%2f/x86_64/release/p11-kit/p11-kit-trust/p11-kit-trust-0.23.10-1.tar.xz
2018/08/30 04:07:48 Extracting from file://C:\tmp/http%3a%2f%2fmirrors.kernel.org%2fsourceware%2fcygwin%2f/x86_64/release/p11-kit/p11-kit-0.23.10-1.tar.xz
2018/08/30 04:07:48 Extracting from file://C:\tmp/http%3a%2f%2fmirrors.kernel.org%2fsourceware%2fcygwin%2f/x86_64/release/cygutils/cygutils-1.4.16-2.tar.xz
2018/08/30 04:07:48 Extracting from file://C:\tmp/http%3a%2f%2fmirrors.kernel.org%2fsourceware%2fcygwin%2f/x86_64/release/perl/perl-5.26.2-1.tar.xz
2018/08/30 04:07:55 Extracting from file://C:\tmp/http%3a%2f%2fmirrors.kernel.org%2fsourceware%2fcygwin%2f/x86_64/release/util-linux/libblkid1/libblkid1-2.25.2-2.tar.xz
2018/08/30 04:07:55 Extracting from file://C:\tmp/http%3a%2f%2fmirrors.kernel.org%2fsourceware%2fcygwin%2f/x86_64/release/bash/bash-4.4.12-3.tar.xz
2018/08/30 04:07:56 Extracting from file://C:\tmp/http%3a%2f%2fmirrors.kernel.org%2fsourceware%2fcygwin%2f/x86_64/release/make/make-4.2.1-2.tar.xz
2018/08/30 04:07:56 Extracting from file://C:\tmp/http%3a%2f%2fmirrors.kernel.org%2fsourceware%2fcygwin%2f/x86_64/release/util-linux/util-linux-2.25.2-2.tar.xz
2018/08/30 04:07:58 Extracting from file://C:\tmp/http%3a%2f%2fmirrors.kernel.org%2fsourceware%2fcygwin%2f/x86_64/release/tzcode/tzcode-2018e-1.tar.xz
2018/08/30 04:07:58 Extracting from file://C:\tmp/http%3a%2f%2fmirrors.kernel.org%2fsourceware%2fcygwin%2f/x86_64/release/coreutils/coreutils-8.26-2.tar.xz
2018/08/30 04:08:00 Extracting from file://C:\tmp/http%3a%2f%2fmirrors.kernel.org%2fsourceware%2fcygwin%2f/noarch/release/autoconf2.5/autoconf2.5-2.69-3.tar.xz
2018/08/30 04:08:00 Extracting from file://C:\tmp/http%3a%2f%2fmirrors.kernel.org%2fsourceware%2fcygwin%2f/noarch/release/autoconf2.1/autoconf2.1-2.13-12.tar.bz2
2018/08/30 04:08:01 Extracting from file://C:\tmp/http%3a%2f%2fmirrors.kernel.org%2fsourceware%2fcygwin%2f/noarch/release/ca-certificates/ca-certificates-2.22-1.tar.xz
2018/08/30 04:08:01 Extracting from file://C:\tmp/http%3a%2f%2fmirrors.kernel.org%2fsourceware%2fcygwin%2f/x86_64/release/groff/groff-1.22.3-1.tar.xz
2018/08/30 04:08:05 Extracting from file://C:\tmp/http%3a%2f%2fmirrors.kernel.org%2fsourceware%2fcygwin%2f/x86_64/release/xz/xz-5.2.3-1.tar.xz
2018/08/30 04:08:05 Extracting from file://C:\tmp/http%3a%2f%2fmirrors.kernel.org%2fsourceware%2fcygwin%2f/x86_64/release/bzip2/bzip2-1.0.6-3.tar.xz
2018/08/30 04:08:06 Extracting from file://C:\tmp/http%3a%2f%2fmirrors.kernel.org%2fsourceware%2fcygwin%2f/x86_64/release/unzip/unzip-6.0-17.tar.xz
2018/08/30 04:08:06 Extracting from file://C:\tmp/http%3a%2f%2fmirrors.kernel.org%2fsourceware%2fcygwin%2f/x86_64/release/gzip/gzip-1.8-1.tar.xz
2018/08/30 04:08:06 Extracting from file://C:\tmp/http%3a%2f%2fmirrors.kernel.org%2fsourceware%2fcygwin%2f/x86_64/release/grep/grep-3.0-2.tar.xz
2018/08/30 04:08:06 Extracting from file://C:\tmp/http%3a%2f%2fmirrors.kernel.org%2fsourceware%2fcygwin%2f/x86_64/release/findutils/findutils-4.6.0-1.tar.xz
2018/08/30 04:08:07 Extracting from file://C:\tmp/http%3a%2f%2fmirrors.kernel.org%2fsourceware%2fcygwin%2f/noarch/release/autoconf/autoconf-13-1.tar.bz2
2018/08/30 04:08:07 Extracting from file://C:\tmp/http%3a%2f%2fmirrors.kernel.org%2fsourceware%2fcygwin%2f/x86_64/release/openssl/libopenssl100/libopenssl100-1.0.2p-1.tar.xz
2018/08/30 04:08:07 Extracting from file://C:\tmp/http%3a%2f%2fmirrors.kernel.org%2fsourceware%2fcygwin%2f/x86_64/release/tar/tar-1.29-1.tar.xz
2018/08/30 04:08:08 Extracting from file://C:\tmp/http%3a%2f%2fmirrors.kernel.org%2fsourceware%2fcygwin%2f/x86_64/release/man-db/man-db-2.7.6.1-1.tar.xz
2018/08/30 04:08:09 Extracting from file://C:\tmp/http%3a%2f%2fmirrors.kernel.org%2fsourceware%2fcygwin%2f/x86_64/release/rebase/rebase-4.4.4-1.tar.xz
2018/08/30 04:08:10 Extracting from file://C:\tmp/http%3a%2f%2fmirrors.kernel.org%2fsourceware%2fcygwin%2f/noarch/release/base-files/base-files-4.2-4.tar.xz
2018/08/30 04:08:10 Extracting from file://C:\tmp/http%3a%2f%2fmirrors.kernel.org%2fsourceware%2fcygwin%2f/x86_64/release/openssl/openssl-1.0.2p-1.tar.xz
2018/08/30 04:08:11 Changing gid back to original
2018/08/30 04:08:11 running: C:\cygwin64\bin\dash.exe "/etc/postinstall/0p_000_autorebase.dash"
2018/08/30 04:08:18 running: C:\cygwin64\bin\dash.exe "/etc/postinstall/0p_update-info-dir.dash"
2018/08/30 04:08:19 running: C:\cygwin64\bin\bash.exe --norc --noprofile "/etc/postinstall/coreutils.sh"
2018/08/30 04:08:19 running: C:\cygwin64\bin\bash.exe --norc --noprofile "/etc/postinstall/bash.sh"
2018/08/30 04:08:20 running: C:\cygwin64\bin\bash.exe --norc --noprofile "/etc/postinstall/autoconf.sh"
2018/08/30 04:08:20 running: C:\cygwin64\bin\bash.exe --norc --noprofile "/etc/postinstall/000-cygwin-post-install.sh"
2018/08/30 04:08:20 running: C:\cygwin64\bin\bash.exe --norc --noprofile "/etc/postinstall/base-files-mketc.sh"
2018/08/30 04:08:20 running: C:\cygwin64\bin\bash.exe --norc --noprofile "/etc/postinstall/base-files-profile.sh"
2018/08/30 04:08:21 running: C:\cygwin64\bin\bash.exe --norc --noprofile "/etc/postinstall/ca-certificates.sh"
2018/08/30 04:08:23 running: C:\cygwin64\bin\bash.exe --norc --noprofile "/etc/postinstall/man-db.sh"
2018/08/30 04:08:23 running: C:\cygwin64\bin\bash.exe --norc --noprofile "/etc/postinstall/mintty.sh"
2018/08/30 04:08:23 running: C:\cygwin64\bin\bash.exe --norc --noprofile "/etc/postinstall/zp_man-db.sh"
2018/08/30 04:08:23 Changing gid to Administrators
2018/08/30 04:08:26 note: Installation Complete
2018/08/30 04:08:26 Ending cygwin install
